<?xml version="1.0" encoding="UTF-8"?>
<!-- Generated by org.testng.reporters.JUnitReportReporter -->
<testsuite hostname="DESKTOP-DUJQVMI" failures="0" tests="3" name="ca.haritagandhi.MavenTest.testcases.HomePageTest" time="0.995" errors="0" timestamp="19 Jun 2019 21:12:36 GMT">
  <testcase classname="ca.haritagandhi.MavenTest.testcases.HomePageTest" name="testGetHomePageTitle" time="0.015"/>
  <testcase classname="ca.haritagandhi.MavenTest.testcases.HomePageTest" name="testGetLoginPageTitle" time="0.359"/>
  <testcase classname="ca.haritagandhi.MavenTest.testcases.HomePageTest" name="testGetRegisterPageTitle" time="0.621"/>
</testsuite> <!-- ca.haritagandhi.MavenTest.testcases.HomePageTest -->
