<?xml version="1.0" encoding="UTF-8"?>
<!-- Generated by org.testng.reporters.JUnitReportReporter -->
<testsuite hostname="DESKTOP-DUJQVMI" failures="0" tests="1" name="ca.haritagandhi.MavenTest.testcases.ForgotPasswordPageTest" time="0.687" errors="0" timestamp="19 Jun 2019 21:13:36 GMT">
  <testcase classname="ca.haritagandhi.MavenTest.testcases.ForgotPasswordPageTest" name="testDoForgotPwd" time="0.687"/>
</testsuite> <!-- ca.haritagandhi.MavenTest.testcases.ForgotPasswordPageTest -->
