<?xml version="1.0" encoding="UTF-8"?>
<!-- Generated by org.testng.reporters.JUnitReportReporter -->
<testsuite hostname="DESKTOP-DUJQVMI" failures="0" tests="3" name="ca.haritagandhi.MavenTest.testcases.RegisterPageTest" time="16.630" errors="0" timestamp="19 Jun 2019 21:30:17 GMT">
  <testcase classname="ca.haritagandhi.MavenTest.testcases.RegisterPageTest" name="testPageTitle" time="5.391"/>
  <testcase classname="ca.haritagandhi.MavenTest.testcases.RegisterPageTest" name="testGetRegisterPageTitle" time="5.726"/>
  <testcase classname="ca.haritagandhi.MavenTest.testcases.RegisterPageTest" name="testWarningMsg" time="5.513"/>
</testsuite> <!-- ca.haritagandhi.MavenTest.testcases.RegisterPageTest -->
