<?xml version="1.0" encoding="UTF-8"?>
<!-- Generated by org.testng.reporters.JUnitReportReporter -->
<testsuite hostname="DESKTOP-DUJQVMI" failures="0" tests="3" name="ca.haritagandhi.MavenTest.testcases.LoginPageTest" time="15.450" errors="0" timestamp="19 Jun 2019 21:10:58 GMT">
  <testcase classname="ca.haritagandhi.MavenTest.testcases.LoginPageTest" name="testDoLoginInvalid03" time="6.350"/>
  <testcase classname="ca.haritagandhi.MavenTest.testcases.LoginPageTest" name="testDoLoginValid01" time="4.537"/>
  <testcase classname="ca.haritagandhi.MavenTest.testcases.LoginPageTest" name="testDoLoginInvalid02" time="4.563"/>
</testsuite> <!-- ca.haritagandhi.MavenTest.testcases.LoginPageTest -->
